<component name="libraryTable">
  <library name="junit-4.10">
    <CLASSES>
      <root url="jar://C:/Program Files/Java/gson-2.6.2.jar!/" />
      <root url="jar://C:/Program Files/Java/hamcrest-core-1.3.jar!/" />
      <root url="jar://C:/Program Files/Java/json-20160212.jar!/" />
      <root url="jar://C:/Program Files/Java/junit-4.12.jar!/" />
      <root url="jar://C:/Program Files/Java/sqlite-jdbc-3.7.2.jar!/" />
    </CLASSES>
    <JAVADOC />
    <SOURCES>
      <root url="jar://C:/Program Files/Java/sqlite-jdbc-3.7.2.jar!/" />
    </SOURCES>
  </library>
</component>